::1 - - [03/Aug/2020:16:32:24 +0000] "GET /user/sign-in HTTP/1.1" 304 - "-" "Mozilla/5.0 (Windows NT 10.0; Win64; x64) AppleWebKit/537.36 (KHTML, like Gecko) Chrome/84.0.4147.89 Safari/537.36"
[0mGET /user/sign-in [36m304[0m 29.875 ms - -[0m
[0mGET /user/auth/google [36m302[0m 13.873 ms - 0[0m
[0mGET /user/auth/google/callback?code=4%2F2gE4AD6C2otld-YaZKutXCPshWNuKY2Sijin0V-vono52sMX3NrjxDF5C9FH7mdGQ3tSv2d5qyTLmZe2G-5vsHE&scope=email+profile+https%3A%2F%2Fwww.googleapis.com%2Fauth%2Fuserinfo.profile+https%3A%2F%2Fwww.googleapis.com%2Fauth%2Fuserinfo.email+openid&authuser=0&prompt=none [36m302[0m 1091.683 ms - 56[0m
[0mGET /event [36m304[0m 44.330 ms - -[0m
[0mGET /user/sign-out [36m302[0m 8.763 ms - 70[0m
[0mGET /user/sign-in [32m200[0m 7.211 ms - 3824[0m
[0mPOST /user/create-session [36m302[0m 10.130 ms - 56[0m
[0mGET /event [32m200[0m 8.990 ms - 5126[0m
::1 - - [03/Aug/2020:16:56:28 +0000] "GET /event HTTP/1.1" 302 70 "-" "Mozilla/5.0 (Windows NT 10.0; Win64; x64) AppleWebKit/537.36 (KHTML, like Gecko) Chrome/84.0.4147.89 Safari/537.36"
::1 - - [03/Aug/2020:16:56:28 +0000] "GET /user/sign-in HTTP/1.1" 200 3570 "-" "Mozilla/5.0 (Windows NT 10.0; Win64; x64) AppleWebKit/537.36 (KHTML, like Gecko) Chrome/84.0.4147.89 Safari/537.36"
::1 - - [03/Aug/2020:16:56:30 +0000] "GET /user/sign-in HTTP/1.1" 304 - "-" "Mozilla/5.0 (Windows NT 10.0; Win64; x64) AppleWebKit/537.36 (KHTML, like Gecko) Chrome/84.0.4147.89 Safari/537.36"
[0mGET /user/sign-in [36m304[0m 33.245 ms - -[0m
::1 - - [03/Aug/2020:16:59:26 +0000] "GET /user/sign-in HTTP/1.1" 304 - "-" "Mozilla/5.0 (Windows NT 10.0; Win64; x64) AppleWebKit/537.36 (KHTML, like Gecko) Chrome/84.0.4147.89 Safari/537.36"
::1 - - [03/Aug/2020:17:01:39 +0000] "GET /user/sign-in HTTP/1.1" 304 - "-" "Mozilla/5.0 (Windows NT 10.0; Win64; x64) AppleWebKit/537.36 (KHTML, like Gecko) Chrome/84.0.4147.89 Safari/537.36"
::1 - - [03/Aug/2020:17:02:52 +0000] "GET /user/sign-in HTTP/1.1" 304 - "-" "Mozilla/5.0 (Windows NT 10.0; Win64; x64) AppleWebKit/537.36 (KHTML, like Gecko) Chrome/84.0.4147.89 Safari/537.36"
::1 - - [03/Aug/2020:17:04:25 +0000] "GET /user/sign-in HTTP/1.1" 200 3565 "-" "Mozilla/5.0 (Windows NT 10.0; Win64; x64) AppleWebKit/537.36 (KHTML, like Gecko) Chrome/84.0.4147.89 Safari/537.36"
::1 - - [03/Aug/2020:17:04:25 +0000] "GET /undefined HTTP/1.1" 404 148 "http://localhost:8000/user/sign-in" "Mozilla/5.0 (Windows NT 10.0; Win64; x64) AppleWebKit/537.36 (KHTML, like Gecko) Chrome/84.0.4147.89 Safari/537.36"
::1 - - [03/Aug/2020:17:04:25 +0000] "GET /undefined HTTP/1.1" 404 148 "http://localhost:8000/user/sign-in" "Mozilla/5.0 (Windows NT 10.0; Win64; x64) AppleWebKit/537.36 (KHTML, like Gecko) Chrome/84.0.4147.89 Safari/537.36"
::1 - - [03/Aug/2020:17:10:26 +0000] "GET /user/sign-in HTTP/1.1" 200 3539 "-" "Mozilla/5.0 (Windows NT 10.0; Win64; x64) AppleWebKit/537.36 (KHTML, like Gecko) Chrome/84.0.4147.89 Safari/537.36"
::1 - - [03/Aug/2020:17:10:26 +0000] "GET /undefined HTTP/1.1" 404 148 "http://localhost:8000/user/sign-in" "Mozilla/5.0 (Windows NT 10.0; Win64; x64) AppleWebKit/537.36 (KHTML, like Gecko) Chrome/84.0.4147.89 Safari/537.36"
::1 - - [03/Aug/2020:17:10:26 +0000] "GET /undefined HTTP/1.1" 404 148 "http://localhost:8000/user/sign-in" "Mozilla/5.0 (Windows NT 10.0; Win64; x64) AppleWebKit/537.36 (KHTML, like Gecko) Chrome/84.0.4147.89 Safari/537.36"
::1 - - [03/Aug/2020:17:10:26 +0000] "GET /undefined HTTP/1.1" 404 148 "http://localhost:8000/user/sign-in" "Mozilla/5.0 (Windows NT 10.0; Win64; x64) AppleWebKit/537.36 (KHTML, like Gecko) Chrome/84.0.4147.89 Safari/537.36"
::1 - - [03/Aug/2020:17:10:26 +0000] "GET /undefined HTTP/1.1" 404 148 "http://localhost:8000/user/sign-in" "Mozilla/5.0 (Windows NT 10.0; Win64; x64) AppleWebKit/537.36 (KHTML, like Gecko) Chrome/84.0.4147.89 Safari/537.36"
::1 - - [03/Aug/2020:17:10:27 +0000] "GET /undefined HTTP/1.1" 404 148 "http://localhost:8000/user/sign-in" "Mozilla/5.0 (Windows NT 10.0; Win64; x64) AppleWebKit/537.36 (KHTML, like Gecko) Chrome/84.0.4147.89 Safari/537.36"
::1 - - [03/Aug/2020:17:10:27 +0000] "GET /undefined HTTP/1.1" 404 148 "http://localhost:8000/user/sign-in" "Mozilla/5.0 (Windows NT 10.0; Win64; x64) AppleWebKit/537.36 (KHTML, like Gecko) Chrome/84.0.4147.89 Safari/537.36"
::1 - - [03/Aug/2020:17:10:28 +0000] "GET /undefined HTTP/1.1" 404 148 "http://localhost:8000/user/sign-in" "Mozilla/5.0 (Windows NT 10.0; Win64; x64) AppleWebKit/537.36 (KHTML, like Gecko) Chrome/84.0.4147.89 Safari/537.36"
::1 - - [03/Aug/2020:17:10:28 +0000] "GET /user/sign-in HTTP/1.1" 304 - "-" "Mozilla/5.0 (Windows NT 10.0; Win64; x64) AppleWebKit/537.36 (KHTML, like Gecko) Chrome/84.0.4147.89 Safari/537.36"
::1 - - [03/Aug/2020:17:10:28 +0000] "GET /undefined HTTP/1.1" 404 148 "http://localhost:8000/user/sign-in" "Mozilla/5.0 (Windows NT 10.0; Win64; x64) AppleWebKit/537.36 (KHTML, like Gecko) Chrome/84.0.4147.89 Safari/537.36"
::1 - - [03/Aug/2020:17:10:28 +0000] "GET /undefined HTTP/1.1" 404 148 "http://localhost:8000/user/sign-in" "Mozilla/5.0 (Windows NT 10.0; Win64; x64) AppleWebKit/537.36 (KHTML, like Gecko) Chrome/84.0.4147.89 Safari/537.36"
::1 - - [03/Aug/2020:17:10:28 +0000] "GET /undefined HTTP/1.1" 404 148 "http://localhost:8000/user/sign-in" "Mozilla/5.0 (Windows NT 10.0; Win64; x64) AppleWebKit/537.36 (KHTML, like Gecko) Chrome/84.0.4147.89 Safari/537.36"
::1 - - [03/Aug/2020:17:10:28 +0000] "GET /undefined HTTP/1.1" 404 148 "http://localhost:8000/user/sign-in" "Mozilla/5.0 (Windows NT 10.0; Win64; x64) AppleWebKit/537.36 (KHTML, like Gecko) Chrome/84.0.4147.89 Safari/537.36"
::1 - - [03/Aug/2020:17:10:28 +0000] "GET /undefined HTTP/1.1" 404 148 "http://localhost:8000/user/sign-in" "Mozilla/5.0 (Windows NT 10.0; Win64; x64) AppleWebKit/537.36 (KHTML, like Gecko) Chrome/84.0.4147.89 Safari/537.36"
::1 - - [03/Aug/2020:17:11:16 +0000] "GET /user/sign-in HTTP/1.1" 304 - "-" "Mozilla/5.0 (Windows NT 10.0; Win64; x64) AppleWebKit/537.36 (KHTML, like Gecko) Chrome/84.0.4147.89 Safari/537.36"
::1 - - [03/Aug/2020:17:11:16 +0000] "GET /undefined HTTP/1.1" 404 148 "http://localhost:8000/user/sign-in" "Mozilla/5.0 (Windows NT 10.0; Win64; x64) AppleWebKit/537.36 (KHTML, like Gecko) Chrome/84.0.4147.89 Safari/537.36"
::1 - - [03/Aug/2020:17:11:16 +0000] "GET /undefined HTTP/1.1" 404 148 "http://localhost:8000/user/sign-in" "Mozilla/5.0 (Windows NT 10.0; Win64; x64) AppleWebKit/537.36 (KHTML, like Gecko) Chrome/84.0.4147.89 Safari/537.36"
::1 - - [03/Aug/2020:17:11:16 +0000] "GET /undefined HTTP/1.1" 404 148 "http://localhost:8000/user/sign-in" "Mozilla/5.0 (Windows NT 10.0; Win64; x64) AppleWebKit/537.36 (KHTML, like Gecko) Chrome/84.0.4147.89 Safari/537.36"
::1 - - [03/Aug/2020:17:11:16 +0000] "GET /undefined HTTP/1.1" 404 148 "http://localhost:8000/user/sign-in" "Mozilla/5.0 (Windows NT 10.0; Win64; x64) AppleWebKit/537.36 (KHTML, like Gecko) Chrome/84.0.4147.89 Safari/537.36"
::1 - - [03/Aug/2020:17:11:16 +0000] "GET /undefined HTTP/1.1" 404 148 "http://localhost:8000/user/sign-in" "Mozilla/5.0 (Windows NT 10.0; Win64; x64) AppleWebKit/537.36 (KHTML, like Gecko) Chrome/84.0.4147.89 Safari/537.36"
[0mGET /user/sign-in [32m200[0m 28.505 ms - 3574[0m
[0mGET /user/sign-in [36m304[0m 8.663 ms - -[0m
[0mGET /user/sign-in [32m200[0m 37.207 ms - 3573[0m
::1 - - [03/Aug/2020:17:13:05 +0000] "GET /user/sign-in HTTP/1.1" 200 3539 "-" "Mozilla/5.0 (Windows NT 10.0; Win64; x64) AppleWebKit/537.36 (KHTML, like Gecko) Chrome/84.0.4147.89 Safari/537.36"
::1 - - [03/Aug/2020:17:13:05 +0000] "GET /undefined HTTP/1.1" 404 148 "http://localhost:8000/user/sign-in" "Mozilla/5.0 (Windows NT 10.0; Win64; x64) AppleWebKit/537.36 (KHTML, like Gecko) Chrome/84.0.4147.89 Safari/537.36"
::1 - - [03/Aug/2020:17:13:05 +0000] "GET /images/todo.png HTTP/1.1" 404 154 "http://localhost:8000/user/sign-in" "Mozilla/5.0 (Windows NT 10.0; Win64; x64) AppleWebKit/537.36 (KHTML, like Gecko) Chrome/84.0.4147.89 Safari/537.36"
::1 - - [03/Aug/2020:17:13:05 +0000] "GET /undefined HTTP/1.1" 404 148 "http://localhost:8000/user/sign-in" "Mozilla/5.0 (Windows NT 10.0; Win64; x64) AppleWebKit/537.36 (KHTML, like Gecko) Chrome/84.0.4147.89 Safari/537.36"
::1 - - [03/Aug/2020:17:13:05 +0000] "GET /images/bg.svg HTTP/1.1" 404 152 "http://localhost:8000/user/sign-in" "Mozilla/5.0 (Windows NT 10.0; Win64; x64) AppleWebKit/537.36 (KHTML, like Gecko) Chrome/84.0.4147.89 Safari/537.36"
::1 - - [03/Aug/2020:17:13:05 +0000] "GET /images/wave.png HTTP/1.1" 404 154 "http://localhost:8000/user/sign-in" "Mozilla/5.0 (Windows NT 10.0; Win64; x64) AppleWebKit/537.36 (KHTML, like Gecko) Chrome/84.0.4147.89 Safari/537.36"
::1 - - [03/Aug/2020:17:13:05 +0000] "GET /images/avatar.svg HTTP/1.1" 404 156 "http://localhost:8000/user/sign-in" "Mozilla/5.0 (Windows NT 10.0; Win64; x64) AppleWebKit/537.36 (KHTML, like Gecko) Chrome/84.0.4147.89 Safari/537.36"
::1 - - [03/Aug/2020:17:13:05 +0000] "GET /undefined HTTP/1.1" 404 148 "http://localhost:8000/user/sign-in" "Mozilla/5.0 (Windows NT 10.0; Win64; x64) AppleWebKit/537.36 (KHTML, like Gecko) Chrome/84.0.4147.89 Safari/537.36"
::1 - - [03/Aug/2020:17:13:05 +0000] "GET /images/google.png HTTP/1.1" 404 156 "http://localhost:8000/user/sign-in" "Mozilla/5.0 (Windows NT 10.0; Win64; x64) AppleWebKit/537.36 (KHTML, like Gecko) Chrome/84.0.4147.89 Safari/537.36"
::1 - - [03/Aug/2020:17:13:05 +0000] "GET /images/github.png HTTP/1.1" 404 156 "http://localhost:8000/user/sign-in" "Mozilla/5.0 (Windows NT 10.0; Win64; x64) AppleWebKit/537.36 (KHTML, like Gecko) Chrome/84.0.4147.89 Safari/537.36"
::1 - - [03/Aug/2020:17:13:05 +0000] "GET /images/facebook.png HTTP/1.1" 404 158 "http://localhost:8000/user/sign-in" "Mozilla/5.0 (Windows NT 10.0; Win64; x64) AppleWebKit/537.36 (KHTML, like Gecko) Chrome/84.0.4147.89 Safari/537.36"
::1 - - [03/Aug/2020:17:13:05 +0000] "GET /undefined HTTP/1.1" 404 148 "http://localhost:8000/user/sign-in" "Mozilla/5.0 (Windows NT 10.0; Win64; x64) AppleWebKit/537.36 (KHTML, like Gecko) Chrome/84.0.4147.89 Safari/537.36"
::1 - - [03/Aug/2020:17:13:05 +0000] "GET /undefined HTTP/1.1" 404 148 "http://localhost:8000/user/sign-in" "Mozilla/5.0 (Windows NT 10.0; Win64; x64) AppleWebKit/537.36 (KHTML, like Gecko) Chrome/84.0.4147.89 Safari/537.36"
::1 - - [03/Aug/2020:17:13:05 +0000] "GET /undefined HTTP/1.1" 404 148 "http://localhost:8000/user/sign-in" "Mozilla/5.0 (Windows NT 10.0; Win64; x64) AppleWebKit/537.36 (KHTML, like Gecko) Chrome/84.0.4147.89 Safari/537.36"
::1 - - [03/Aug/2020:17:13:07 +0000] "GET /user/sign-in HTTP/1.1" 304 - "-" "Mozilla/5.0 (Windows NT 10.0; Win64; x64) AppleWebKit/537.36 (KHTML, like Gecko) Chrome/84.0.4147.89 Safari/537.36"
::1 - - [03/Aug/2020:17:13:07 +0000] "GET /undefined HTTP/1.1" 404 148 "http://localhost:8000/user/sign-in" "Mozilla/5.0 (Windows NT 10.0; Win64; x64) AppleWebKit/537.36 (KHTML, like Gecko) Chrome/84.0.4147.89 Safari/537.36"
::1 - - [03/Aug/2020:17:13:07 +0000] "GET /images/todo.png HTTP/1.1" 404 154 "http://localhost:8000/user/sign-in" "Mozilla/5.0 (Windows NT 10.0; Win64; x64) AppleWebKit/537.36 (KHTML, like Gecko) Chrome/84.0.4147.89 Safari/537.36"
::1 - - [03/Aug/2020:17:13:07 +0000] "GET /undefined HTTP/1.1" 404 148 "http://localhost:8000/user/sign-in" "Mozilla/5.0 (Windows NT 10.0; Win64; x64) AppleWebKit/537.36 (KHTML, like Gecko) Chrome/84.0.4147.89 Safari/537.36"
::1 - - [03/Aug/2020:17:13:07 +0000] "GET /images/wave.png HTTP/1.1" 404 154 "http://localhost:8000/user/sign-in" "Mozilla/5.0 (Windows NT 10.0; Win64; x64) AppleWebKit/537.36 (KHTML, like Gecko) Chrome/84.0.4147.89 Safari/537.36"
::1 - - [03/Aug/2020:17:13:07 +0000] "GET /images/google.png HTTP/1.1" 404 156 "http://localhost:8000/user/sign-in" "Mozilla/5.0 (Windows NT 10.0; Win64; x64) AppleWebKit/537.36 (KHTML, like Gecko) Chrome/84.0.4147.89 Safari/537.36"
::1 - - [03/Aug/2020:17:13:07 +0000] "GET /images/bg.svg HTTP/1.1" 404 152 "http://localhost:8000/user/sign-in" "Mozilla/5.0 (Windows NT 10.0; Win64; x64) AppleWebKit/537.36 (KHTML, like Gecko) Chrome/84.0.4147.89 Safari/537.36"
::1 - - [03/Aug/2020:17:13:07 +0000] "GET /images/avatar.svg HTTP/1.1" 404 156 "http://localhost:8000/user/sign-in" "Mozilla/5.0 (Windows NT 10.0; Win64; x64) AppleWebKit/537.36 (KHTML, like Gecko) Chrome/84.0.4147.89 Safari/537.36"
::1 - - [03/Aug/2020:17:13:07 +0000] "GET /undefined HTTP/1.1" 404 148 "http://localhost:8000/user/sign-in" "Mozilla/5.0 (Windows NT 10.0; Win64; x64) AppleWebKit/537.36 (KHTML, like Gecko) Chrome/84.0.4147.89 Safari/537.36"
::1 - - [03/Aug/2020:17:13:07 +0000] "GET /images/github.png HTTP/1.1" 404 156 "http://localhost:8000/user/sign-in" "Mozilla/5.0 (Windows NT 10.0; Win64; x64) AppleWebKit/537.36 (KHTML, like Gecko) Chrome/84.0.4147.89 Safari/537.36"
::1 - - [03/Aug/2020:17:13:07 +0000] "GET /images/facebook.png HTTP/1.1" 404 158 "http://localhost:8000/user/sign-in" "Mozilla/5.0 (Windows NT 10.0; Win64; x64) AppleWebKit/537.36 (KHTML, like Gecko) Chrome/84.0.4147.89 Safari/537.36"
::1 - - [03/Aug/2020:17:13:07 +0000] "GET /undefined HTTP/1.1" 404 148 "http://localhost:8000/user/sign-in" "Mozilla/5.0 (Windows NT 10.0; Win64; x64) AppleWebKit/537.36 (KHTML, like Gecko) Chrome/84.0.4147.89 Safari/537.36"
::1 - - [03/Aug/2020:17:13:07 +0000] "GET /undefined HTTP/1.1" 404 148 "http://localhost:8000/user/sign-in" "Mozilla/5.0 (Windows NT 10.0; Win64; x64) AppleWebKit/537.36 (KHTML, like Gecko) Chrome/84.0.4147.89 Safari/537.36"
::1 - - [03/Aug/2020:17:13:08 +0000] "GET /user/sign-in HTTP/1.1" 304 - "-" "Mozilla/5.0 (Windows NT 10.0; Win64; x64) AppleWebKit/537.36 (KHTML, like Gecko) Chrome/84.0.4147.89 Safari/537.36"
::1 - - [03/Aug/2020:17:13:08 +0000] "GET /undefined HTTP/1.1" 404 148 "http://localhost:8000/user/sign-in" "Mozilla/5.0 (Windows NT 10.0; Win64; x64) AppleWebKit/537.36 (KHTML, like Gecko) Chrome/84.0.4147.89 Safari/537.36"
::1 - - [03/Aug/2020:17:13:08 +0000] "GET /images/todo.png HTTP/1.1" 404 154 "http://localhost:8000/user/sign-in" "Mozilla/5.0 (Windows NT 10.0; Win64; x64) AppleWebKit/537.36 (KHTML, like Gecko) Chrome/84.0.4147.89 Safari/537.36"
::1 - - [03/Aug/2020:17:13:08 +0000] "GET /undefined HTTP/1.1" 404 148 "http://localhost:8000/user/sign-in" "Mozilla/5.0 (Windows NT 10.0; Win64; x64) AppleWebKit/537.36 (KHTML, like Gecko) Chrome/84.0.4147.89 Safari/537.36"
::1 - - [03/Aug/2020:17:13:08 +0000] "GET /images/wave.png HTTP/1.1" 404 154 "http://localhost:8000/user/sign-in" "Mozilla/5.0 (Windows NT 10.0; Win64; x64) AppleWebKit/537.36 (KHTML, like Gecko) Chrome/84.0.4147.89 Safari/537.36"
::1 - - [03/Aug/2020:17:13:08 +0000] "GET /images/bg.svg HTTP/1.1" 404 152 "http://localhost:8000/user/sign-in" "Mozilla/5.0 (Windows NT 10.0; Win64; x64) AppleWebKit/537.36 (KHTML, like Gecko) Chrome/84.0.4147.89 Safari/537.36"
::1 - - [03/Aug/2020:17:13:08 +0000] "GET /images/avatar.svg HTTP/1.1" 404 156 "http://localhost:8000/user/sign-in" "Mozilla/5.0 (Windows NT 10.0; Win64; x64) AppleWebKit/537.36 (KHTML, like Gecko) Chrome/84.0.4147.89 Safari/537.36"
::1 - - [03/Aug/2020:17:13:08 +0000] "GET /images/google.png HTTP/1.1" 404 156 "http://localhost:8000/user/sign-in" "Mozilla/5.0 (Windows NT 10.0; Win64; x64) AppleWebKit/537.36 (KHTML, like Gecko) Chrome/84.0.4147.89 Safari/537.36"
::1 - - [03/Aug/2020:17:13:08 +0000] "GET /undefined HTTP/1.1" 404 148 "http://localhost:8000/user/sign-in" "Mozilla/5.0 (Windows NT 10.0; Win64; x64) AppleWebKit/537.36 (KHTML, like Gecko) Chrome/84.0.4147.89 Safari/537.36"
::1 - - [03/Aug/2020:17:13:08 +0000] "GET /images/github.png HTTP/1.1" 404 156 "http://localhost:8000/user/sign-in" "Mozilla/5.0 (Windows NT 10.0; Win64; x64) AppleWebKit/537.36 (KHTML, like Gecko) Chrome/84.0.4147.89 Safari/537.36"
::1 - - [03/Aug/2020:17:13:08 +0000] "GET /images/facebook.png HTTP/1.1" 404 158 "http://localhost:8000/user/sign-in" "Mozilla/5.0 (Windows NT 10.0; Win64; x64) AppleWebKit/537.36 (KHTML, like Gecko) Chrome/84.0.4147.89 Safari/537.36"
::1 - - [03/Aug/2020:17:13:08 +0000] "GET /undefined HTTP/1.1" 404 148 "http://localhost:8000/user/sign-in" "Mozilla/5.0 (Windows NT 10.0; Win64; x64) AppleWebKit/537.36 (KHTML, like Gecko) Chrome/84.0.4147.89 Safari/537.36"
::1 - - [03/Aug/2020:17:13:08 +0000] "GET /undefined HTTP/1.1" 404 148 "http://localhost:8000/user/sign-in" "Mozilla/5.0 (Windows NT 10.0; Win64; x64) AppleWebKit/537.36 (KHTML, like Gecko) Chrome/84.0.4147.89 Safari/537.36"
::1 - - [03/Aug/2020:17:13:10 +0000] "GET /user/sign-in HTTP/1.1" 304 - "-" "Mozilla/5.0 (Windows NT 10.0; Win64; x64) AppleWebKit/537.36 (KHTML, like Gecko) Chrome/84.0.4147.89 Safari/537.36"
::1 - - [03/Aug/2020:17:13:10 +0000] "GET /undefined HTTP/1.1" 404 148 "http://localhost:8000/user/sign-in" "Mozilla/5.0 (Windows NT 10.0; Win64; x64) AppleWebKit/537.36 (KHTML, like Gecko) Chrome/84.0.4147.89 Safari/537.36"
::1 - - [03/Aug/2020:17:13:10 +0000] "GET /images/todo.png HTTP/1.1" 404 154 "http://localhost:8000/user/sign-in" "Mozilla/5.0 (Windows NT 10.0; Win64; x64) AppleWebKit/537.36 (KHTML, like Gecko) Chrome/84.0.4147.89 Safari/537.36"
::1 - - [03/Aug/2020:17:13:10 +0000] "GET /undefined HTTP/1.1" 404 148 "http://localhost:8000/user/sign-in" "Mozilla/5.0 (Windows NT 10.0; Win64; x64) AppleWebKit/537.36 (KHTML, like Gecko) Chrome/84.0.4147.89 Safari/537.36"
::1 - - [03/Aug/2020:17:13:10 +0000] "GET /images/wave.png HTTP/1.1" 404 154 "http://localhost:8000/user/sign-in" "Mozilla/5.0 (Windows NT 10.0; Win64; x64) AppleWebKit/537.36 (KHTML, like Gecko) Chrome/84.0.4147.89 Safari/537.36"
::1 - - [03/Aug/2020:17:13:10 +0000] "GET /images/bg.svg HTTP/1.1" 404 152 "http://localhost:8000/user/sign-in" "Mozilla/5.0 (Windows NT 10.0; Win64; x64) AppleWebKit/537.36 (KHTML, like Gecko) Chrome/84.0.4147.89 Safari/537.36"
::1 - - [03/Aug/2020:17:13:10 +0000] "GET /images/avatar.svg HTTP/1.1" 404 156 "http://localhost:8000/user/sign-in" "Mozilla/5.0 (Windows NT 10.0; Win64; x64) AppleWebKit/537.36 (KHTML, like Gecko) Chrome/84.0.4147.89 Safari/537.36"
::1 - - [03/Aug/2020:17:13:10 +0000] "GET /images/google.png HTTP/1.1" 404 156 "http://localhost:8000/user/sign-in" "Mozilla/5.0 (Windows NT 10.0; Win64; x64) AppleWebKit/537.36 (KHTML, like Gecko) Chrome/84.0.4147.89 Safari/537.36"
::1 - - [03/Aug/2020:17:13:10 +0000] "GET /undefined HTTP/1.1" 404 148 "http://localhost:8000/user/sign-in" "Mozilla/5.0 (Windows NT 10.0; Win64; x64) AppleWebKit/537.36 (KHTML, like Gecko) Chrome/84.0.4147.89 Safari/537.36"
::1 - - [03/Aug/2020:17:13:10 +0000] "GET /images/github.png HTTP/1.1" 404 156 "http://localhost:8000/user/sign-in" "Mozilla/5.0 (Windows NT 10.0; Win64; x64) AppleWebKit/537.36 (KHTML, like Gecko) Chrome/84.0.4147.89 Safari/537.36"
::1 - - [03/Aug/2020:17:13:10 +0000] "GET /images/facebook.png HTTP/1.1" 404 158 "http://localhost:8000/user/sign-in" "Mozilla/5.0 (Windows NT 10.0; Win64; x64) AppleWebKit/537.36 (KHTML, like Gecko) Chrome/84.0.4147.89 Safari/537.36"
::1 - - [03/Aug/2020:17:13:10 +0000] "GET /undefined HTTP/1.1" 404 148 "http://localhost:8000/user/sign-in" "Mozilla/5.0 (Windows NT 10.0; Win64; x64) AppleWebKit/537.36 (KHTML, like Gecko) Chrome/84.0.4147.89 Safari/537.36"
::1 - - [03/Aug/2020:17:13:10 +0000] "GET /undefined HTTP/1.1" 404 148 "http://localhost:8000/user/sign-in" "Mozilla/5.0 (Windows NT 10.0; Win64; x64) AppleWebKit/537.36 (KHTML, like Gecko) Chrome/84.0.4147.89 Safari/537.36"
::1 - - [03/Aug/2020:17:13:13 +0000] "GET /undefined HTTP/1.1" 404 148 "http://localhost:8000/user/sign-in" "Mozilla/5.0 (Windows NT 10.0; Win64; x64) AppleWebKit/537.36 (KHTML, like Gecko) Chrome/84.0.4147.89 Safari/537.36"
::1 - - [03/Aug/2020:17:14:52 +0000] "GET /user/sign-in HTTP/1.1" 200 3588 "-" "Mozilla/5.0 (Windows NT 10.0; Win64; x64) AppleWebKit/537.36 (KHTML, like Gecko) Chrome/84.0.4147.89 Safari/537.36"
::1 - - [03/Aug/2020:17:14:52 +0000] "GET /undefined HTTP/1.1" 404 148 "http://localhost:8000/user/sign-in" "Mozilla/5.0 (Windows NT 10.0; Win64; x64) AppleWebKit/537.36 (KHTML, like Gecko) Chrome/84.0.4147.89 Safari/537.36"
::1 - - [03/Aug/2020:17:14:52 +0000] "GET /images/todo.png HTTP/1.1" 404 154 "http://localhost:8000/user/sign-in" "Mozilla/5.0 (Windows NT 10.0; Win64; x64) AppleWebKit/537.36 (KHTML, like Gecko) Chrome/84.0.4147.89 Safari/537.36"
::1 - - [03/Aug/2020:17:14:52 +0000] "GET /images/bg.svg HTTP/1.1" 404 152 "http://localhost:8000/user/sign-in" "Mozilla/5.0 (Windows NT 10.0; Win64; x64) AppleWebKit/537.36 (KHTML, like Gecko) Chrome/84.0.4147.89 Safari/537.36"
::1 - - [03/Aug/2020:17:14:52 +0000] "GET /images/wave.png HTTP/1.1" 404 154 "http://localhost:8000/user/sign-in" "Mozilla/5.0 (Windows NT 10.0; Win64; x64) AppleWebKit/537.36 (KHTML, like Gecko) Chrome/84.0.4147.89 Safari/537.36"
::1 - - [03/Aug/2020:17:14:52 +0000] "GET /images/avatar.svg HTTP/1.1" 404 156 "http://localhost:8000/user/sign-in" "Mozilla/5.0 (Windows NT 10.0; Win64; x64) AppleWebKit/537.36 (KHTML, like Gecko) Chrome/84.0.4147.89 Safari/537.36"
::1 - - [03/Aug/2020:17:14:52 +0000] "GET /images/google.png HTTP/1.1" 404 156 "http://localhost:8000/user/sign-in" "Mozilla/5.0 (Windows NT 10.0; Win64; x64) AppleWebKit/537.36 (KHTML, like Gecko) Chrome/84.0.4147.89 Safari/537.36"
::1 - - [03/Aug/2020:17:14:52 +0000] "GET /images/github.png HTTP/1.1" 404 156 "http://localhost:8000/user/sign-in" "Mozilla/5.0 (Windows NT 10.0; Win64; x64) AppleWebKit/537.36 (KHTML, like Gecko) Chrome/84.0.4147.89 Safari/537.36"
::1 - - [03/Aug/2020:17:14:52 +0000] "GET /images/facebook.png HTTP/1.1" 404 158 "http://localhost:8000/user/sign-in" "Mozilla/5.0 (Windows NT 10.0; Win64; x64) AppleWebKit/537.36 (KHTML, like Gecko) Chrome/84.0.4147.89 Safari/537.36"
::1 - - [03/Aug/2020:17:14:54 +0000] "GET /undefined HTTP/1.1" 404 148 "http://localhost:8000/user/sign-in" "Mozilla/5.0 (Windows NT 10.0; Win64; x64) AppleWebKit/537.36 (KHTML, like Gecko) Chrome/84.0.4147.89 Safari/537.36"
::1 - - [03/Aug/2020:17:14:54 +0000] "GET /undefined HTTP/1.1" 404 148 "http://localhost:8000/user/sign-in" "Mozilla/5.0 (Windows NT 10.0; Win64; x64) AppleWebKit/537.36 (KHTML, like Gecko) Chrome/84.0.4147.89 Safari/537.36"
::1 - - [03/Aug/2020:17:19:37 +0000] "GET /user/sign-in HTTP/1.1" 200 3539 "-" "Mozilla/5.0 (Windows NT 10.0; Win64; x64) AppleWebKit/537.36 (KHTML, like Gecko) Chrome/84.0.4147.89 Safari/537.36"
::1 - - [03/Aug/2020:17:19:37 +0000] "GET /images/todo.png HTTP/1.1" 404 154 "http://localhost:8000/user/sign-in" "Mozilla/5.0 (Windows NT 10.0; Win64; x64) AppleWebKit/537.36 (KHTML, like Gecko) Chrome/84.0.4147.89 Safari/537.36"
::1 - - [03/Aug/2020:17:19:37 +0000] "GET /undefined HTTP/1.1" 404 148 "http://localhost:8000/user/sign-in" "Mozilla/5.0 (Windows NT 10.0; Win64; x64) AppleWebKit/537.36 (KHTML, like Gecko) Chrome/84.0.4147.89 Safari/537.36"
::1 - - [03/Aug/2020:17:19:37 +0000] "GET /images/wave.png HTTP/1.1" 404 154 "http://localhost:8000/user/sign-in" "Mozilla/5.0 (Windows NT 10.0; Win64; x64) AppleWebKit/537.36 (KHTML, like Gecko) Chrome/84.0.4147.89 Safari/537.36"
::1 - - [03/Aug/2020:17:19:37 +0000] "GET /undefined HTTP/1.1" 404 148 "http://localhost:8000/user/sign-in" "Mozilla/5.0 (Windows NT 10.0; Win64; x64) AppleWebKit/537.36 (KHTML, like Gecko) Chrome/84.0.4147.89 Safari/537.36"
::1 - - [03/Aug/2020:17:19:37 +0000] "GET /images/bg.svg HTTP/1.1" 404 152 "http://localhost:8000/user/sign-in" "Mozilla/5.0 (Windows NT 10.0; Win64; x64) AppleWebKit/537.36 (KHTML, like Gecko) Chrome/84.0.4147.89 Safari/537.36"
::1 - - [03/Aug/2020:17:19:37 +0000] "GET /images/avatar.svg HTTP/1.1" 404 156 "http://localhost:8000/user/sign-in" "Mozilla/5.0 (Windows NT 10.0; Win64; x64) AppleWebKit/537.36 (KHTML, like Gecko) Chrome/84.0.4147.89 Safari/537.36"
::1 - - [03/Aug/2020:17:19:37 +0000] "GET /images/google.png HTTP/1.1" 404 156 "http://localhost:8000/user/sign-in" "Mozilla/5.0 (Windows NT 10.0; Win64; x64) AppleWebKit/537.36 (KHTML, like Gecko) Chrome/84.0.4147.89 Safari/537.36"
::1 - - [03/Aug/2020:17:19:37 +0000] "GET /undefined HTTP/1.1" 404 148 "http://localhost:8000/user/sign-in" "Mozilla/5.0 (Windows NT 10.0; Win64; x64) AppleWebKit/537.36 (KHTML, like Gecko) Chrome/84.0.4147.89 Safari/537.36"
::1 - - [03/Aug/2020:17:19:37 +0000] "GET /images/github.png HTTP/1.1" 404 156 "http://localhost:8000/user/sign-in" "Mozilla/5.0 (Windows NT 10.0; Win64; x64) AppleWebKit/537.36 (KHTML, like Gecko) Chrome/84.0.4147.89 Safari/537.36"
::1 - - [03/Aug/2020:17:19:37 +0000] "GET /images/facebook.png HTTP/1.1" 404 158 "http://localhost:8000/user/sign-in" "Mozilla/5.0 (Windows NT 10.0; Win64; x64) AppleWebKit/537.36 (KHTML, like Gecko) Chrome/84.0.4147.89 Safari/537.36"
::1 - - [03/Aug/2020:17:19:37 +0000] "GET /undefined HTTP/1.1" 404 148 "http://localhost:8000/user/sign-in" "Mozilla/5.0 (Windows NT 10.0; Win64; x64) AppleWebKit/537.36 (KHTML, like Gecko) Chrome/84.0.4147.89 Safari/537.36"
::1 - - [03/Aug/2020:17:19:38 +0000] "GET /undefined HTTP/1.1" 404 148 "http://localhost:8000/user/sign-in" "Mozilla/5.0 (Windows NT 10.0; Win64; x64) AppleWebKit/537.36 (KHTML, like Gecko) Chrome/84.0.4147.89 Safari/537.36"
::1 - - [03/Aug/2020:17:19:38 +0000] "GET /undefined HTTP/1.1" 404 148 "http://localhost:8000/user/sign-in" "Mozilla/5.0 (Windows NT 10.0; Win64; x64) AppleWebKit/537.36 (KHTML, like Gecko) Chrome/84.0.4147.89 Safari/537.36"
::1 - - [03/Aug/2020:17:19:40 +0000] "GET /user/sign-in HTTP/1.1" 304 - "-" "Mozilla/5.0 (Windows NT 10.0; Win64; x64) AppleWebKit/537.36 (KHTML, like Gecko) Chrome/84.0.4147.89 Safari/537.36"
::1 - - [03/Aug/2020:17:19:41 +0000] "GET /undefined HTTP/1.1" 404 148 "http://localhost:8000/user/sign-in" "Mozilla/5.0 (Windows NT 10.0; Win64; x64) AppleWebKit/537.36 (KHTML, like Gecko) Chrome/84.0.4147.89 Safari/537.36"
::1 - - [03/Aug/2020:17:19:41 +0000] "GET /images/todo.png HTTP/1.1" 404 154 "http://localhost:8000/user/sign-in" "Mozilla/5.0 (Windows NT 10.0; Win64; x64) AppleWebKit/537.36 (KHTML, like Gecko) Chrome/84.0.4147.89 Safari/537.36"
::1 - - [03/Aug/2020:17:19:41 +0000] "GET /undefined HTTP/1.1" 404 148 "http://localhost:8000/user/sign-in" "Mozilla/5.0 (Windows NT 10.0; Win64; x64) AppleWebKit/537.36 (KHTML, like Gecko) Chrome/84.0.4147.89 Safari/537.36"
::1 - - [03/Aug/2020:17:19:41 +0000] "GET /images/wave.png HTTP/1.1" 404 154 "http://localhost:8000/user/sign-in" "Mozilla/5.0 (Windows NT 10.0; Win64; x64) AppleWebKit/537.36 (KHTML, like Gecko) Chrome/84.0.4147.89 Safari/537.36"
::1 - - [03/Aug/2020:17:19:41 +0000] "GET /images/bg.svg HTTP/1.1" 404 152 "http://localhost:8000/user/sign-in" "Mozilla/5.0 (Windows NT 10.0; Win64; x64) AppleWebKit/537.36 (KHTML, like Gecko) Chrome/84.0.4147.89 Safari/537.36"
::1 - - [03/Aug/2020:17:19:41 +0000] "GET /images/avatar.svg HTTP/1.1" 404 156 "http://localhost:8000/user/sign-in" "Mozilla/5.0 (Windows NT 10.0; Win64; x64) AppleWebKit/537.36 (KHTML, like Gecko) Chrome/84.0.4147.89 Safari/537.36"
::1 - - [03/Aug/2020:17:19:41 +0000] "GET /images/google.png HTTP/1.1" 404 156 "http://localhost:8000/user/sign-in" "Mozilla/5.0 (Windows NT 10.0; Win64; x64) AppleWebKit/537.36 (KHTML, like Gecko) Chrome/84.0.4147.89 Safari/537.36"
::1 - - [03/Aug/2020:17:19:41 +0000] "GET /undefined HTTP/1.1" 404 148 "http://localhost:8000/user/sign-in" "Mozilla/5.0 (Windows NT 10.0; Win64; x64) AppleWebKit/537.36 (KHTML, like Gecko) Chrome/84.0.4147.89 Safari/537.36"
::1 - - [03/Aug/2020:17:19:41 +0000] "GET /images/github.png HTTP/1.1" 404 156 "http://localhost:8000/user/sign-in" "Mozilla/5.0 (Windows NT 10.0; Win64; x64) AppleWebKit/537.36 (KHTML, like Gecko) Chrome/84.0.4147.89 Safari/537.36"
::1 - - [03/Aug/2020:17:19:41 +0000] "GET /images/facebook.png HTTP/1.1" 404 158 "http://localhost:8000/user/sign-in" "Mozilla/5.0 (Windows NT 10.0; Win64; x64) AppleWebKit/537.36 (KHTML, like Gecko) Chrome/84.0.4147.89 Safari/537.36"
::1 - - [03/Aug/2020:17:19:41 +0000] "GET /undefined HTTP/1.1" 404 148 "http://localhost:8000/user/sign-in" "Mozilla/5.0 (Windows NT 10.0; Win64; x64) AppleWebKit/537.36 (KHTML, like Gecko) Chrome/84.0.4147.89 Safari/537.36"
::1 - - [03/Aug/2020:17:19:41 +0000] "GET /undefined HTTP/1.1" 404 148 "http://localhost:8000/user/sign-in" "Mozilla/5.0 (Windows NT 10.0; Win64; x64) AppleWebKit/537.36 (KHTML, like Gecko) Chrome/84.0.4147.89 Safari/537.36"
::1 - - [03/Aug/2020:17:19:42 +0000] "GET /user/sign-in HTTP/1.1" 304 - "-" "Mozilla/5.0 (Windows NT 10.0; Win64; x64) AppleWebKit/537.36 (KHTML, like Gecko) Chrome/84.0.4147.89 Safari/537.36"
::1 - - [03/Aug/2020:17:19:42 +0000] "GET /undefined HTTP/1.1" 404 148 "http://localhost:8000/user/sign-in" "Mozilla/5.0 (Windows NT 10.0; Win64; x64) AppleWebKit/537.36 (KHTML, like Gecko) Chrome/84.0.4147.89 Safari/537.36"
::1 - - [03/Aug/2020:17:19:42 +0000] "GET /images/todo.png HTTP/1.1" 404 154 "http://localhost:8000/user/sign-in" "Mozilla/5.0 (Windows NT 10.0; Win64; x64) AppleWebKit/537.36 (KHTML, like Gecko) Chrome/84.0.4147.89 Safari/537.36"
::1 - - [03/Aug/2020:17:19:42 +0000] "GET /undefined HTTP/1.1" 404 148 "http://localhost:8000/user/sign-in" "Mozilla/5.0 (Windows NT 10.0; Win64; x64) AppleWebKit/537.36 (KHTML, like Gecko) Chrome/84.0.4147.89 Safari/537.36"
::1 - - [03/Aug/2020:17:19:42 +0000] "GET /images/wave.png HTTP/1.1" 404 154 "http://localhost:8000/user/sign-in" "Mozilla/5.0 (Windows NT 10.0; Win64; x64) AppleWebKit/537.36 (KHTML, like Gecko) Chrome/84.0.4147.89 Safari/537.36"
::1 - - [03/Aug/2020:17:19:42 +0000] "GET /images/bg.svg HTTP/1.1" 404 152 "http://localhost:8000/user/sign-in" "Mozilla/5.0 (Windows NT 10.0; Win64; x64) AppleWebKit/537.36 (KHTML, like Gecko) Chrome/84.0.4147.89 Safari/537.36"
::1 - - [03/Aug/2020:17:19:42 +0000] "GET /images/avatar.svg HTTP/1.1" 404 156 "http://localhost:8000/user/sign-in" "Mozilla/5.0 (Windows NT 10.0; Win64; x64) AppleWebKit/537.36 (KHTML, like Gecko) Chrome/84.0.4147.89 Safari/537.36"
::1 - - [03/Aug/2020:17:19:42 +0000] "GET /images/google.png HTTP/1.1" 404 156 "http://localhost:8000/user/sign-in" "Mozilla/5.0 (Windows NT 10.0; Win64; x64) AppleWebKit/537.36 (KHTML, like Gecko) Chrome/84.0.4147.89 Safari/537.36"
::1 - - [03/Aug/2020:17:19:42 +0000] "GET /undefined HTTP/1.1" 404 148 "http://localhost:8000/user/sign-in" "Mozilla/5.0 (Windows NT 10.0; Win64; x64) AppleWebKit/537.36 (KHTML, like Gecko) Chrome/84.0.4147.89 Safari/537.36"
::1 - - [03/Aug/2020:17:19:42 +0000] "GET /images/github.png HTTP/1.1" 404 156 "http://localhost:8000/user/sign-in" "Mozilla/5.0 (Windows NT 10.0; Win64; x64) AppleWebKit/537.36 (KHTML, like Gecko) Chrome/84.0.4147.89 Safari/537.36"
::1 - - [03/Aug/2020:17:19:42 +0000] "GET /images/facebook.png HTTP/1.1" 404 158 "http://localhost:8000/user/sign-in" "Mozilla/5.0 (Windows NT 10.0; Win64; x64) AppleWebKit/537.36 (KHTML, like Gecko) Chrome/84.0.4147.89 Safari/537.36"
::1 - - [03/Aug/2020:17:19:42 +0000] "GET /undefined HTTP/1.1" 404 148 "http://localhost:8000/user/sign-in" "Mozilla/5.0 (Windows NT 10.0; Win64; x64) AppleWebKit/537.36 (KHTML, like Gecko) Chrome/84.0.4147.89 Safari/537.36"
::1 - - [03/Aug/2020:17:19:43 +0000] "GET /undefined HTTP/1.1" 404 148 "http://localhost:8000/user/sign-in" "Mozilla/5.0 (Windows NT 10.0; Win64; x64) AppleWebKit/537.36 (KHTML, like Gecko) Chrome/84.0.4147.89 Safari/537.36"
::1 - - [03/Aug/2020:17:19:44 +0000] "GET /user/sign-in HTTP/1.1" 304 - "-" "Mozilla/5.0 (Windows NT 10.0; Win64; x64) AppleWebKit/537.36 (KHTML, like Gecko) Chrome/84.0.4147.89 Safari/537.36"
::1 - - [03/Aug/2020:17:19:44 +0000] "GET /undefined HTTP/1.1" 404 148 "http://localhost:8000/user/sign-in" "Mozilla/5.0 (Windows NT 10.0; Win64; x64) AppleWebKit/537.36 (KHTML, like Gecko) Chrome/84.0.4147.89 Safari/537.36"
::1 - - [03/Aug/2020:17:19:44 +0000] "GET /images/todo.png HTTP/1.1" 404 154 "http://localhost:8000/user/sign-in" "Mozilla/5.0 (Windows NT 10.0; Win64; x64) AppleWebKit/537.36 (KHTML, like Gecko) Chrome/84.0.4147.89 Safari/537.36"
::1 - - [03/Aug/2020:17:19:44 +0000] "GET /undefined HTTP/1.1" 404 148 "http://localhost:8000/user/sign-in" "Mozilla/5.0 (Windows NT 10.0; Win64; x64) AppleWebKit/537.36 (KHTML, like Gecko) Chrome/84.0.4147.89 Safari/537.36"
::1 - - [03/Aug/2020:17:19:44 +0000] "GET /images/wave.png HTTP/1.1" 404 154 "http://localhost:8000/user/sign-in" "Mozilla/5.0 (Windows NT 10.0; Win64; x64) AppleWebKit/537.36 (KHTML, like Gecko) Chrome/84.0.4147.89 Safari/537.36"
::1 - - [03/Aug/2020:17:19:44 +0000] "GET /images/bg.svg HTTP/1.1" 404 152 "http://localhost:8000/user/sign-in" "Mozilla/5.0 (Windows NT 10.0; Win64; x64) AppleWebKit/537.36 (KHTML, like Gecko) Chrome/84.0.4147.89 Safari/537.36"
::1 - - [03/Aug/2020:17:19:44 +0000] "GET /images/avatar.svg HTTP/1.1" 404 156 "http://localhost:8000/user/sign-in" "Mozilla/5.0 (Windows NT 10.0; Win64; x64) AppleWebKit/537.36 (KHTML, like Gecko) Chrome/84.0.4147.89 Safari/537.36"
::1 - - [03/Aug/2020:17:19:44 +0000] "GET /images/google.png HTTP/1.1" 404 156 "http://localhost:8000/user/sign-in" "Mozilla/5.0 (Windows NT 10.0; Win64; x64) AppleWebKit/537.36 (KHTML, like Gecko) Chrome/84.0.4147.89 Safari/537.36"
::1 - - [03/Aug/2020:17:19:44 +0000] "GET /undefined HTTP/1.1" 404 148 "http://localhost:8000/user/sign-in" "Mozilla/5.0 (Windows NT 10.0; Win64; x64) AppleWebKit/537.36 (KHTML, like Gecko) Chrome/84.0.4147.89 Safari/537.36"
::1 - - [03/Aug/2020:17:19:44 +0000] "GET /images/github.png HTTP/1.1" 404 156 "http://localhost:8000/user/sign-in" "Mozilla/5.0 (Windows NT 10.0; Win64; x64) AppleWebKit/537.36 (KHTML, like Gecko) Chrome/84.0.4147.89 Safari/537.36"
::1 - - [03/Aug/2020:17:19:44 +0000] "GET /images/facebook.png HTTP/1.1" 404 158 "http://localhost:8000/user/sign-in" "Mozilla/5.0 (Windows NT 10.0; Win64; x64) AppleWebKit/537.36 (KHTML, like Gecko) Chrome/84.0.4147.89 Safari/537.36"
::1 - - [03/Aug/2020:17:19:44 +0000] "GET /undefined HTTP/1.1" 404 148 "http://localhost:8000/user/sign-in" "Mozilla/5.0 (Windows NT 10.0; Win64; x64) AppleWebKit/537.36 (KHTML, like Gecko) Chrome/84.0.4147.89 Safari/537.36"
::1 - - [03/Aug/2020:17:19:46 +0000] "GET /user/sign-in HTTP/1.1" 304 - "-" "Mozilla/5.0 (Windows NT 10.0; Win64; x64) AppleWebKit/537.36 (KHTML, like Gecko) Chrome/84.0.4147.89 Safari/537.36"
::1 - - [03/Aug/2020:17:19:46 +0000] "GET /undefined HTTP/1.1" 404 148 "http://localhost:8000/user/sign-in" "Mozilla/5.0 (Windows NT 10.0; Win64; x64) AppleWebKit/537.36 (KHTML, like Gecko) Chrome/84.0.4147.89 Safari/537.36"
::1 - - [03/Aug/2020:17:19:46 +0000] "GET /images/todo.png HTTP/1.1" 404 154 "http://localhost:8000/user/sign-in" "Mozilla/5.0 (Windows NT 10.0; Win64; x64) AppleWebKit/537.36 (KHTML, like Gecko) Chrome/84.0.4147.89 Safari/537.36"
::1 - - [03/Aug/2020:17:19:46 +0000] "GET /undefined HTTP/1.1" 404 148 "http://localhost:8000/user/sign-in" "Mozilla/5.0 (Windows NT 10.0; Win64; x64) AppleWebKit/537.36 (KHTML, like Gecko) Chrome/84.0.4147.89 Safari/537.36"
::1 - - [03/Aug/2020:17:19:46 +0000] "GET /images/wave.png HTTP/1.1" 404 154 "http://localhost:8000/user/sign-in" "Mozilla/5.0 (Windows NT 10.0; Win64; x64) AppleWebKit/537.36 (KHTML, like Gecko) Chrome/84.0.4147.89 Safari/537.36"
::1 - - [03/Aug/2020:17:19:46 +0000] "GET /images/bg.svg HTTP/1.1" 404 152 "http://localhost:8000/user/sign-in" "Mozilla/5.0 (Windows NT 10.0; Win64; x64) AppleWebKit/537.36 (KHTML, like Gecko) Chrome/84.0.4147.89 Safari/537.36"
::1 - - [03/Aug/2020:17:19:46 +0000] "GET /images/avatar.svg HTTP/1.1" 404 156 "http://localhost:8000/user/sign-in" "Mozilla/5.0 (Windows NT 10.0; Win64; x64) AppleWebKit/537.36 (KHTML, like Gecko) Chrome/84.0.4147.89 Safari/537.36"
::1 - - [03/Aug/2020:17:19:47 +0000] "GET /images/google.png HTTP/1.1" 404 156 "http://localhost:8000/user/sign-in" "Mozilla/5.0 (Windows NT 10.0; Win64; x64) AppleWebKit/537.36 (KHTML, like Gecko) Chrome/84.0.4147.89 Safari/537.36"
::1 - - [03/Aug/2020:17:19:47 +0000] "GET /undefined HTTP/1.1" 404 148 "http://localhost:8000/user/sign-in" "Mozilla/5.0 (Windows NT 10.0; Win64; x64) AppleWebKit/537.36 (KHTML, like Gecko) Chrome/84.0.4147.89 Safari/537.36"
::1 - - [03/Aug/2020:17:19:47 +0000] "GET /images/github.png HTTP/1.1" 404 156 "http://localhost:8000/user/sign-in" "Mozilla/5.0 (Windows NT 10.0; Win64; x64) AppleWebKit/537.36 (KHTML, like Gecko) Chrome/84.0.4147.89 Safari/537.36"
::1 - - [03/Aug/2020:17:19:47 +0000] "GET /undefined HTTP/1.1" 404 148 "http://localhost:8000/user/sign-in" "Mozilla/5.0 (Windows NT 10.0; Win64; x64) AppleWebKit/537.36 (KHTML, like Gecko) Chrome/84.0.4147.89 Safari/537.36"
::1 - - [03/Aug/2020:17:19:47 +0000] "GET /images/facebook.png HTTP/1.1" 404 158 "http://localhost:8000/user/sign-in" "Mozilla/5.0 (Windows NT 10.0; Win64; x64) AppleWebKit/537.36 (KHTML, like Gecko) Chrome/84.0.4147.89 Safari/537.36"
::1 - - [03/Aug/2020:17:19:47 +0000] "GET /undefined HTTP/1.1" 404 148 "http://localhost:8000/user/sign-in" "Mozilla/5.0 (Windows NT 10.0; Win64; x64) AppleWebKit/537.36 (KHTML, like Gecko) Chrome/84.0.4147.89 Safari/537.36"
::1 - - [03/Aug/2020:17:20:12 +0000] "GET /user/sign-in HTTP/1.1" 304 - "-" "Mozilla/5.0 (Windows NT 10.0; Win64; x64) AppleWebKit/537.36 (KHTML, like Gecko) Chrome/84.0.4147.89 Safari/537.36"
::1 - - [03/Aug/2020:17:20:12 +0000] "GET /undefined HTTP/1.1" 404 148 "http://localhost:8000/user/sign-in" "Mozilla/5.0 (Windows NT 10.0; Win64; x64) AppleWebKit/537.36 (KHTML, like Gecko) Chrome/84.0.4147.89 Safari/537.36"
::1 - - [03/Aug/2020:17:20:12 +0000] "GET /images/todo.png HTTP/1.1" 404 154 "http://localhost:8000/user/sign-in" "Mozilla/5.0 (Windows NT 10.0; Win64; x64) AppleWebKit/537.36 (KHTML, like Gecko) Chrome/84.0.4147.89 Safari/537.36"
::1 - - [03/Aug/2020:17:20:12 +0000] "GET /images/wave.png HTTP/1.1" 404 154 "http://localhost:8000/user/sign-in" "Mozilla/5.0 (Windows NT 10.0; Win64; x64) AppleWebKit/537.36 (KHTML, like Gecko) Chrome/84.0.4147.89 Safari/537.36"
::1 - - [03/Aug/2020:17:20:12 +0000] "GET /undefined HTTP/1.1" 404 148 "http://localhost:8000/user/sign-in" "Mozilla/5.0 (Windows NT 10.0; Win64; x64) AppleWebKit/537.36 (KHTML, like Gecko) Chrome/84.0.4147.89 Safari/537.36"
::1 - - [03/Aug/2020:17:20:12 +0000] "GET /images/bg.svg HTTP/1.1" 404 152 "http://localhost:8000/user/sign-in" "Mozilla/5.0 (Windows NT 10.0; Win64; x64) AppleWebKit/537.36 (KHTML, like Gecko) Chrome/84.0.4147.89 Safari/537.36"
::1 - - [03/Aug/2020:17:20:12 +0000] "GET /images/avatar.svg HTTP/1.1" 404 156 "http://localhost:8000/user/sign-in" "Mozilla/5.0 (Windows NT 10.0; Win64; x64) AppleWebKit/537.36 (KHTML, like Gecko) Chrome/84.0.4147.89 Safari/537.36"
::1 - - [03/Aug/2020:17:20:12 +0000] "GET /images/google.png HTTP/1.1" 404 156 "http://localhost:8000/user/sign-in" "Mozilla/5.0 (Windows NT 10.0; Win64; x64) AppleWebKit/537.36 (KHTML, like Gecko) Chrome/84.0.4147.89 Safari/537.36"
::1 - - [03/Aug/2020:17:20:12 +0000] "GET /images/github.png HTTP/1.1" 404 156 "http://localhost:8000/user/sign-in" "Mozilla/5.0 (Windows NT 10.0; Win64; x64) AppleWebKit/537.36 (KHTML, like Gecko) Chrome/84.0.4147.89 Safari/537.36"
::1 - - [03/Aug/2020:17:20:12 +0000] "GET /undefined HTTP/1.1" 404 148 "http://localhost:8000/user/sign-in" "Mozilla/5.0 (Windows NT 10.0; Win64; x64) AppleWebKit/537.36 (KHTML, like Gecko) Chrome/84.0.4147.89 Safari/537.36"
::1 - - [03/Aug/2020:17:20:12 +0000] "GET /images/facebook.png HTTP/1.1" 404 158 "http://localhost:8000/user/sign-in" "Mozilla/5.0 (Windows NT 10.0; Win64; x64) AppleWebKit/537.36 (KHTML, like Gecko) Chrome/84.0.4147.89 Safari/537.36"
::1 - - [03/Aug/2020:17:20:12 +0000] "GET /undefined HTTP/1.1" 404 148 "http://localhost:8000/user/sign-in" "Mozilla/5.0 (Windows NT 10.0; Win64; x64) AppleWebKit/537.36 (KHTML, like Gecko) Chrome/84.0.4147.89 Safari/537.36"
::1 - - [03/Aug/2020:17:20:12 +0000] "GET /undefined HTTP/1.1" 404 148 "http://localhost:8000/user/sign-in" "Mozilla/5.0 (Windows NT 10.0; Win64; x64) AppleWebKit/537.36 (KHTML, like Gecko) Chrome/84.0.4147.89 Safari/537.36"
::1 - - [03/Aug/2020:17:22:08 +0000] "GET /user/sign-in HTTP/1.1" 304 - "-" "Mozilla/5.0 (Windows NT 10.0; Win64; x64) AppleWebKit/537.36 (KHTML, like Gecko) Chrome/84.0.4147.89 Safari/537.36"
::1 - - [03/Aug/2020:17:22:08 +0000] "GET /undefined HTTP/1.1" 404 148 "http://localhost:8000/user/sign-in" "Mozilla/5.0 (Windows NT 10.0; Win64; x64) AppleWebKit/537.36 (KHTML, like Gecko) Chrome/84.0.4147.89 Safari/537.36"
::1 - - [03/Aug/2020:17:22:08 +0000] "GET /images/todo.png HTTP/1.1" 404 154 "http://localhost:8000/user/sign-in" "Mozilla/5.0 (Windows NT 10.0; Win64; x64) AppleWebKit/537.36 (KHTML, like Gecko) Chrome/84.0.4147.89 Safari/537.36"
::1 - - [03/Aug/2020:17:22:08 +0000] "GET /images/wave.png HTTP/1.1" 404 154 "http://localhost:8000/user/sign-in" "Mozilla/5.0 (Windows NT 10.0; Win64; x64) AppleWebKit/537.36 (KHTML, like Gecko) Chrome/84.0.4147.89 Safari/537.36"
::1 - - [03/Aug/2020:17:22:08 +0000] "GET /undefined HTTP/1.1" 404 148 "http://localhost:8000/user/sign-in" "Mozilla/5.0 (Windows NT 10.0; Win64; x64) AppleWebKit/537.36 (KHTML, like Gecko) Chrome/84.0.4147.89 Safari/537.36"
::1 - - [03/Aug/2020:17:22:08 +0000] "GET /images/avatar.svg HTTP/1.1" 404 156 "http://localhost:8000/user/sign-in" "Mozilla/5.0 (Windows NT 10.0; Win64; x64) AppleWebKit/537.36 (KHTML, like Gecko) Chrome/84.0.4147.89 Safari/537.36"
::ffff:127.0.0.1 - - [03/Aug/2020:17:22:08 +0000] "GET /images/bg.svg HTTP/1.1" 404 152 "http://localhost:8000/user/sign-in" "Mozilla/5.0 (Windows NT 10.0; Win64; x64) AppleWebKit/537.36 (KHTML, like Gecko) Chrome/84.0.4147.89 Safari/537.36"
::1 - - [03/Aug/2020:17:22:08 +0000] "GET /images/google.png HTTP/1.1" 404 156 "http://localhost:8000/user/sign-in" "Mozilla/5.0 (Windows NT 10.0; Win64; x64) AppleWebKit/537.36 (KHTML, like Gecko) Chrome/84.0.4147.89 Safari/537.36"
::1 - - [03/Aug/2020:17:22:08 +0000] "GET /images/github.png HTTP/1.1" 404 156 "http://localhost:8000/user/sign-in" "Mozilla/5.0 (Windows NT 10.0; Win64; x64) AppleWebKit/537.36 (KHTML, like Gecko) Chrome/84.0.4147.89 Safari/537.36"
::1 - - [03/Aug/2020:17:22:08 +0000] "GET /undefined HTTP/1.1" 404 148 "http://localhost:8000/user/sign-in" "Mozilla/5.0 (Windows NT 10.0; Win64; x64) AppleWebKit/537.36 (KHTML, like Gecko) Chrome/84.0.4147.89 Safari/537.36"
::1 - - [03/Aug/2020:17:22:08 +0000] "GET /images/facebook.png HTTP/1.1" 404 158 "http://localhost:8000/user/sign-in" "Mozilla/5.0 (Windows NT 10.0; Win64; x64) AppleWebKit/537.36 (KHTML, like Gecko) Chrome/84.0.4147.89 Safari/537.36"
::1 - - [03/Aug/2020:17:22:08 +0000] "GET /undefined HTTP/1.1" 404 148 "http://localhost:8000/user/sign-in" "Mozilla/5.0 (Windows NT 10.0; Win64; x64) AppleWebKit/537.36 (KHTML, like Gecko) Chrome/84.0.4147.89 Safari/537.36"
::1 - - [03/Aug/2020:17:22:09 +0000] "GET /undefined HTTP/1.1" 404 148 "http://localhost:8000/user/sign-in" "Mozilla/5.0 (Windows NT 10.0; Win64; x64) AppleWebKit/537.36 (KHTML, like Gecko) Chrome/84.0.4147.89 Safari/537.36"
::1 - - [03/Aug/2020:17:22:09 +0000] "GET /undefined HTTP/1.1" 404 148 "http://localhost:8000/user/sign-in" "Mozilla/5.0 (Windows NT 10.0; Win64; x64) AppleWebKit/537.36 (KHTML, like Gecko) Chrome/84.0.4147.89 Safari/537.36"
::1 - - [03/Aug/2020:17:23:34 +0000] "GET /user/sign-in HTTP/1.1" 304 - "-" "Mozilla/5.0 (Windows NT 10.0; Win64; x64) AppleWebKit/537.36 (KHTML, like Gecko) Chrome/84.0.4147.89 Safari/537.36"
::1 - - [03/Aug/2020:17:23:34 +0000] "GET /undefined HTTP/1.1" 404 148 "http://localhost:8000/user/sign-in" "Mozilla/5.0 (Windows NT 10.0; Win64; x64) AppleWebKit/537.36 (KHTML, like Gecko) Chrome/84.0.4147.89 Safari/537.36"
::1 - - [03/Aug/2020:17:23:34 +0000] "GET /images/todo.png HTTP/1.1" 404 154 "http://localhost:8000/user/sign-in" "Mozilla/5.0 (Windows NT 10.0; Win64; x64) AppleWebKit/537.36 (KHTML, like Gecko) Chrome/84.0.4147.89 Safari/537.36"
::1 - - [03/Aug/2020:17:23:34 +0000] "GET /undefined HTTP/1.1" 404 148 "http://localhost:8000/user/sign-in" "Mozilla/5.0 (Windows NT 10.0; Win64; x64) AppleWebKit/537.36 (KHTML, like Gecko) Chrome/84.0.4147.89 Safari/537.36"
::1 - - [03/Aug/2020:17:23:34 +0000] "GET /images/wave.png HTTP/1.1" 404 154 "http://localhost:8000/user/sign-in" "Mozilla/5.0 (Windows NT 10.0; Win64; x64) AppleWebKit/537.36 (KHTML, like Gecko) Chrome/84.0.4147.89 Safari/537.36"
::1 - - [03/Aug/2020:17:23:34 +0000] "GET /images/bg.svg HTTP/1.1" 404 152 "http://localhost:8000/user/sign-in" "Mozilla/5.0 (Windows NT 10.0; Win64; x64) AppleWebKit/537.36 (KHTML, like Gecko) Chrome/84.0.4147.89 Safari/537.36"
::1 - - [03/Aug/2020:17:23:34 +0000] "GET /images/avatar.svg HTTP/1.1" 404 156 "http://localhost:8000/user/sign-in" "Mozilla/5.0 (Windows NT 10.0; Win64; x64) AppleWebKit/537.36 (KHTML, like Gecko) Chrome/84.0.4147.89 Safari/537.36"
::1 - - [03/Aug/2020:17:23:34 +0000] "GET /images/google.png HTTP/1.1" 404 156 "http://localhost:8000/user/sign-in" "Mozilla/5.0 (Windows NT 10.0; Win64; x64) AppleWebKit/537.36 (KHTML, like Gecko) Chrome/84.0.4147.89 Safari/537.36"
::1 - - [03/Aug/2020:17:23:34 +0000] "GET /undefined HTTP/1.1" 404 148 "http://localhost:8000/user/sign-in" "Mozilla/5.0 (Windows NT 10.0; Win64; x64) AppleWebKit/537.36 (KHTML, like Gecko) Chrome/84.0.4147.89 Safari/537.36"
::1 - - [03/Aug/2020:17:23:34 +0000] "GET /images/github.png HTTP/1.1" 404 156 "http://localhost:8000/user/sign-in" "Mozilla/5.0 (Windows NT 10.0; Win64; x64) AppleWebKit/537.36 (KHTML, like Gecko) Chrome/84.0.4147.89 Safari/537.36"
::1 - - [03/Aug/2020:17:23:34 +0000] "GET /images/facebook.png HTTP/1.1" 404 158 "http://localhost:8000/user/sign-in" "Mozilla/5.0 (Windows NT 10.0; Win64; x64) AppleWebKit/537.36 (KHTML, like Gecko) Chrome/84.0.4147.89 Safari/537.36"
::1 - - [03/Aug/2020:17:23:34 +0000] "GET /undefined HTTP/1.1" 404 148 "http://localhost:8000/user/sign-in" "Mozilla/5.0 (Windows NT 10.0; Win64; x64) AppleWebKit/537.36 (KHTML, like Gecko) Chrome/84.0.4147.89 Safari/537.36"
::1 - - [03/Aug/2020:17:23:36 +0000] "GET /undefined HTTP/1.1" 404 148 "http://localhost:8000/user/sign-in" "Mozilla/5.0 (Windows NT 10.0; Win64; x64) AppleWebKit/537.36 (KHTML, like Gecko) Chrome/84.0.4147.89 Safari/537.36"
::1 - - [03/Aug/2020:17:23:36 +0000] "GET /undefined HTTP/1.1" 404 148 "http://localhost:8000/user/sign-in" "Mozilla/5.0 (Windows NT 10.0; Win64; x64) AppleWebKit/537.36 (KHTML, like Gecko) Chrome/84.0.4147.89 Safari/537.36"
[0mGET /user/sign-in [32m200[0m 48.474 ms - 3573[0m
[0mGET /user/sign-in [32m200[0m 43.302 ms - 3572[0m
[0mGET /user/sign-in [32m200[0m 31.704 ms - 3585[0m
[0mGET /user/sign-in [36m304[0m 4.671 ms - -[0m
[0mGET /user/sign-up [32m200[0m 6.051 ms - 4283[0m
[0mGET /user/sign-up [36m304[0m 38.580 ms - -[0m
[0mGET /user/sign-up [32m200[0m 38.051 ms - 4282[0m
[0mGET /user/sign-up [36m304[0m 56.479 ms - -[0m
[0mGET /user/sign-in [32m200[0m 10.519 ms - 3584[0m
[0mGET /user/sign-in [36m304[0m 4.847 ms - -[0m
[0mGET /user/sign-in [36m304[0m 5.074 ms - -[0m
[0mGET /user/sign-in [36m304[0m 3.468 ms - -[0m
[0mGET /user/auth/google [36m302[0m 7.520 ms - 0[0m
[0mGET /user/auth/google/callback?code=4%2F2gHJdNGQPhg269ryAYaLtrBUTdVG6Sh3Xghk4ctuy5I74qKe1ePCGideg58taOMwH0EmhacKUfEnwjgdnZ1jw6U&scope=email+profile+https%3A%2F%2Fwww.googleapis.com%2Fauth%2Fuserinfo.profile+openid+https%3A%2F%2Fwww.googleapis.com%2Fauth%2Fuserinfo.email&authuser=0&prompt=none [36m302[0m 951.002 ms - 56[0m
[0mGET /event [32m200[0m 43.647 ms - 4672[0m
[0mGET /event [32m200[0m 50.535 ms - 4396[0m
[0mGET /user/sign-out [36m302[0m 13.911 ms - 70[0m
[0mGET /user/sign-in [32m200[0m 9.416 ms - 3838[0m
::1 - - [03/Aug/2020:17:41:03 +0000] "GET /user/sign-in HTTP/1.1" 200 3647 "-" "Mozilla/5.0 (Windows NT 10.0; Win64; x64) AppleWebKit/537.36 (KHTML, like Gecko) Chrome/84.0.4147.89 Safari/537.36"
::1 - - [03/Aug/2020:17:41:03 +0000] "GET /undefined HTTP/1.1" 404 148 "http://localhost:8000/user/sign-in" "Mozilla/5.0 (Windows NT 10.0; Win64; x64) AppleWebKit/537.36 (KHTML, like Gecko) Chrome/84.0.4147.89 Safari/537.36"
::1 - - [03/Aug/2020:17:41:03 +0000] "GET /undefined HTTP/1.1" 404 148 "http://localhost:8000/user/sign-in" "Mozilla/5.0 (Windows NT 10.0; Win64; x64) AppleWebKit/537.36 (KHTML, like Gecko) Chrome/84.0.4147.89 Safari/537.36"
::1 - - [03/Aug/2020:17:41:03 +0000] "GET /js/script-87f5c54e7f.js HTTP/1.1" 404 162 "http://localhost:8000/user/sign-in" "Mozilla/5.0 (Windows NT 10.0; Win64; x64) AppleWebKit/537.36 (KHTML, like Gecko) Chrome/84.0.4147.89 Safari/537.36"
::1 - - [03/Aug/2020:17:41:03 +0000] "GET /images/todo.png HTTP/1.1" 404 154 "http://localhost:8000/user/sign-in" "Mozilla/5.0 (Windows NT 10.0; Win64; x64) AppleWebKit/537.36 (KHTML, like Gecko) Chrome/84.0.4147.89 Safari/537.36"
::1 - - [03/Aug/2020:17:41:06 +0000] "GET /js/script-87f5c54e7f.js HTTP/1.1" 404 162 "http://localhost:8000/user/sign-in" "Mozilla/5.0 (Windows NT 10.0; Win64; x64) AppleWebKit/537.36 (KHTML, like Gecko) Chrome/84.0.4147.89 Safari/537.36"
::1 - - [03/Aug/2020:17:46:44 +0000] "GET /user/sign-in HTTP/1.1" 200 3658 "-" "Mozilla/5.0 (Windows NT 10.0; Win64; x64) AppleWebKit/537.36 (KHTML, like Gecko) Chrome/84.0.4147.89 Safari/537.36"
::1 - - [03/Aug/2020:17:46:44 +0000] "GET /undefined HTTP/1.1" 404 148 "http://localhost:8000/user/sign-in" "Mozilla/5.0 (Windows NT 10.0; Win64; x64) AppleWebKit/537.36 (KHTML, like Gecko) Chrome/84.0.4147.89 Safari/537.36"
::1 - - [03/Aug/2020:17:46:44 +0000] "GET /undefined HTTP/1.1" 404 148 "http://localhost:8000/user/sign-in" "Mozilla/5.0 (Windows NT 10.0; Win64; x64) AppleWebKit/537.36 (KHTML, like Gecko) Chrome/84.0.4147.89 Safari/537.36"
::1 - - [03/Aug/2020:17:46:44 +0000] "GET /js/script-87f5c54e7f.js HTTP/1.1" 404 162 "http://localhost:8000/user/sign-in" "Mozilla/5.0 (Windows NT 10.0; Win64; x64) AppleWebKit/537.36 (KHTML, like Gecko) Chrome/84.0.4147.89 Safari/537.36"
::1 - - [03/Aug/2020:17:46:45 +0000] "GET /undefined HTTP/1.1" 404 148 "http://localhost:8000/user/sign-in" "Mozilla/5.0 (Windows NT 10.0; Win64; x64) AppleWebKit/537.36 (KHTML, like Gecko) Chrome/84.0.4147.89 Safari/537.36"
::1 - - [03/Aug/2020:17:46:49 +0000] "GET /undefined HTTP/1.1" 404 148 "http://localhost:8000/user/sign-in" "Mozilla/5.0 (Windows NT 10.0; Win64; x64) AppleWebKit/537.36 (KHTML, like Gecko) Chrome/84.0.4147.89 Safari/537.36"
::1 - - [03/Aug/2020:17:46:54 +0000] "GET /user/sign-in HTTP/1.1" 304 - "-" "Mozilla/5.0 (Windows NT 10.0; Win64; x64) AppleWebKit/537.36 (KHTML, like Gecko) Chrome/84.0.4147.89 Safari/537.36"
::1 - - [03/Aug/2020:17:46:54 +0000] "GET /undefined HTTP/1.1" 404 148 "http://localhost:8000/user/sign-in" "Mozilla/5.0 (Windows NT 10.0; Win64; x64) AppleWebKit/537.36 (KHTML, like Gecko) Chrome/84.0.4147.89 Safari/537.36"
::1 - - [03/Aug/2020:17:46:54 +0000] "GET /js/script-87f5c54e7f.js HTTP/1.1" 404 162 "http://localhost:8000/user/sign-in" "Mozilla/5.0 (Windows NT 10.0; Win64; x64) AppleWebKit/537.36 (KHTML, like Gecko) Chrome/84.0.4147.89 Safari/537.36"
::1 - - [03/Aug/2020:17:46:54 +0000] "GET /js/script-87f5c54e7f.js HTTP/1.1" 404 162 "http://localhost:8000/user/sign-in" "Mozilla/5.0 (Windows NT 10.0; Win64; x64) AppleWebKit/537.36 (KHTML, like Gecko) Chrome/84.0.4147.89 Safari/537.36"
::1 - - [03/Aug/2020:17:47:51 +0000] "GET /user/sign-in HTTP/1.1" 304 - "-" "Mozilla/5.0 (Windows NT 10.0; Win64; x64) AppleWebKit/537.36 (KHTML, like Gecko) Chrome/84.0.4147.89 Safari/537.36"
::1 - - [03/Aug/2020:17:47:51 +0000] "GET /undefined HTTP/1.1" 404 148 "http://localhost:8000/user/sign-in" "Mozilla/5.0 (Windows NT 10.0; Win64; x64) AppleWebKit/537.36 (KHTML, like Gecko) Chrome/84.0.4147.89 Safari/537.36"
::1 - - [03/Aug/2020:17:47:51 +0000] "GET /undefined HTTP/1.1" 404 148 "http://localhost:8000/user/sign-in" "Mozilla/5.0 (Windows NT 10.0; Win64; x64) AppleWebKit/537.36 (KHTML, like Gecko) Chrome/84.0.4147.89 Safari/537.36"
::1 - - [03/Aug/2020:17:47:51 +0000] "GET /js/script-87f5c54e7f.js HTTP/1.1" 404 162 "http://localhost:8000/user/sign-in" "Mozilla/5.0 (Windows NT 10.0; Win64; x64) AppleWebKit/537.36 (KHTML, like Gecko) Chrome/84.0.4147.89 Safari/537.36"
::1 - - [03/Aug/2020:17:47:53 +0000] "GET /js/script-87f5c54e7f.js HTTP/1.1" 404 162 "http://localhost:8000/user/sign-in" "Mozilla/5.0 (Windows NT 10.0; Win64; x64) AppleWebKit/537.36 (KHTML, like Gecko) Chrome/84.0.4147.89 Safari/537.36"
::1 - - [03/Aug/2020:17:47:59 +0000] "GET /user/sign-in HTTP/1.1" 304 - "-" "Mozilla/5.0 (Windows NT 10.0; Win64; x64) AppleWebKit/537.36 (KHTML, like Gecko) Chrome/84.0.4147.89 Safari/537.36"
::1 - - [03/Aug/2020:17:47:59 +0000] "GET /undefined HTTP/1.1" 404 148 "http://localhost:8000/user/sign-in" "Mozilla/5.0 (Windows NT 10.0; Win64; x64) AppleWebKit/537.36 (KHTML, like Gecko) Chrome/84.0.4147.89 Safari/537.36"
::1 - - [03/Aug/2020:17:47:59 +0000] "GET /undefined HTTP/1.1" 404 148 "http://localhost:8000/user/sign-in" "Mozilla/5.0 (Windows NT 10.0; Win64; x64) AppleWebKit/537.36 (KHTML, like Gecko) Chrome/84.0.4147.89 Safari/537.36"
::1 - - [03/Aug/2020:17:47:59 +0000] "GET /js/script-87f5c54e7f.js HTTP/1.1" 404 162 "http://localhost:8000/user/sign-in" "Mozilla/5.0 (Windows NT 10.0; Win64; x64) AppleWebKit/537.36 (KHTML, like Gecko) Chrome/84.0.4147.89 Safari/537.36"
::1 - - [03/Aug/2020:17:47:59 +0000] "GET /js/script-87f5c54e7f.js HTTP/1.1" 404 162 "http://localhost:8000/user/sign-in" "Mozilla/5.0 (Windows NT 10.0; Win64; x64) AppleWebKit/537.36 (KHTML, like Gecko) Chrome/84.0.4147.89 Safari/537.36"
::1 - - [03/Aug/2020:17:51:29 +0000] "GET /user/sign-in HTTP/1.1" 200 3678 "-" "Mozilla/5.0 (Windows NT 10.0; Win64; x64) AppleWebKit/537.36 (KHTML, like Gecko) Chrome/84.0.4147.89 Safari/537.36"
::1 - - [03/Aug/2020:17:51:29 +0000] "GET /undefined HTTP/1.1" 404 148 "http://localhost:8000/user/sign-in" "Mozilla/5.0 (Windows NT 10.0; Win64; x64) AppleWebKit/537.36 (KHTML, like Gecko) Chrome/84.0.4147.89 Safari/537.36"
::1 - - [03/Aug/2020:17:51:29 +0000] "GET /undefined HTTP/1.1" 404 148 "http://localhost:8000/user/sign-in" "Mozilla/5.0 (Windows NT 10.0; Win64; x64) AppleWebKit/537.36 (KHTML, like Gecko) Chrome/84.0.4147.89 Safari/537.36"
::1 - - [03/Aug/2020:17:51:29 +0000] "GET /js/script-87f5c54e7f.js HTTP/1.1" 404 162 "http://localhost:8000/user/sign-in" "Mozilla/5.0 (Windows NT 10.0; Win64; x64) AppleWebKit/537.36 (KHTML, like Gecko) Chrome/84.0.4147.89 Safari/537.36"
::1 - - [03/Aug/2020:17:51:30 +0000] "GET /js/script-87f5c54e7f.js HTTP/1.1" 404 162 "http://localhost:8000/user/sign-in" "Mozilla/5.0 (Windows NT 10.0; Win64; x64) AppleWebKit/537.36 (KHTML, like Gecko) Chrome/84.0.4147.89 Safari/537.36"
::ffff:127.0.0.1 - - [03/Aug/2020:17:52:45 +0000] "GET /user/sign-in HTTP/1.1" 200 3580 "-" "Mozilla/5.0 (Windows NT 10.0; Win64; x64) AppleWebKit/537.36 (KHTML, like Gecko) Chrome/84.0.4147.89 Safari/537.36"
::ffff:127.0.0.1 - - [03/Aug/2020:17:52:45 +0000] "GET /js/script-87f5c54e7f.js HTTP/1.1" 404 162 "http://localhost:8000/user/sign-in" "Mozilla/5.0 (Windows NT 10.0; Win64; x64) AppleWebKit/537.36 (KHTML, like Gecko) Chrome/84.0.4147.89 Safari/537.36"
::1 - - [03/Aug/2020:17:52:45 +0000] "GET /undefined HTTP/1.1" 404 148 "http://localhost:8000/user/sign-in" "Mozilla/5.0 (Windows NT 10.0; Win64; x64) AppleWebKit/537.36 (KHTML, like Gecko) Chrome/84.0.4147.89 Safari/537.36"
::1 - - [03/Aug/2020:17:52:46 +0000] "GET /js/script-87f5c54e7f.js HTTP/1.1" 404 162 "http://localhost:8000/user/sign-in" "Mozilla/5.0 (Windows NT 10.0; Win64; x64) AppleWebKit/537.36 (KHTML, like Gecko) Chrome/84.0.4147.89 Safari/537.36"
::1 - - [03/Aug/2020:17:52:47 +0000] "GET /user/sign-in HTTP/1.1" 304 - "-" "Mozilla/5.0 (Windows NT 10.0; Win64; x64) AppleWebKit/537.36 (KHTML, like Gecko) Chrome/84.0.4147.89 Safari/537.36"
::1 - - [03/Aug/2020:17:52:48 +0000] "GET /js/script-87f5c54e7f.js HTTP/1.1" 404 162 "http://localhost:8000/user/sign-in" "Mozilla/5.0 (Windows NT 10.0; Win64; x64) AppleWebKit/537.36 (KHTML, like Gecko) Chrome/84.0.4147.89 Safari/537.36"
::1 - - [03/Aug/2020:17:52:48 +0000] "GET /undefined HTTP/1.1" 404 148 "http://localhost:8000/user/sign-in" "Mozilla/5.0 (Windows NT 10.0; Win64; x64) AppleWebKit/537.36 (KHTML, like Gecko) Chrome/84.0.4147.89 Safari/537.36"
::1 - - [03/Aug/2020:17:52:52 +0000] "GET /user/sign-in HTTP/1.1" 304 - "-" "Mozilla/5.0 (Windows NT 10.0; Win64; x64) AppleWebKit/537.36 (KHTML, like Gecko) Chrome/84.0.4147.89 Safari/537.36"
::1 - - [03/Aug/2020:17:52:52 +0000] "GET /js/script-87f5c54e7f.js HTTP/1.1" 404 162 "http://localhost:8000/user/sign-in" "Mozilla/5.0 (Windows NT 10.0; Win64; x64) AppleWebKit/537.36 (KHTML, like Gecko) Chrome/84.0.4147.89 Safari/537.36"
::1 - - [03/Aug/2020:17:52:52 +0000] "GET /undefined HTTP/1.1" 404 148 "http://localhost:8000/user/sign-in" "Mozilla/5.0 (Windows NT 10.0; Win64; x64) AppleWebKit/537.36 (KHTML, like Gecko) Chrome/84.0.4147.89 Safari/537.36"
::1 - - [03/Aug/2020:17:52:52 +0000] "GET /undefined HTTP/1.1" 404 148 "http://localhost:8000/user/sign-in" "Mozilla/5.0 (Windows NT 10.0; Win64; x64) AppleWebKit/537.36 (KHTML, like Gecko) Chrome/84.0.4147.89 Safari/537.36"
::1 - - [03/Aug/2020:17:52:52 +0000] "GET /js/script-87f5c54e7f.js HTTP/1.1" 404 162 "http://localhost:8000/user/sign-in" "Mozilla/5.0 (Windows NT 10.0; Win64; x64) AppleWebKit/537.36 (KHTML, like Gecko) Chrome/84.0.4147.89 Safari/537.36"
::1 - - [03/Aug/2020:17:56:06 +0000] "GET /user/sign-in HTTP/1.1" 200 3604 "-" "Mozilla/5.0 (Windows NT 10.0; Win64; x64) AppleWebKit/537.36 (KHTML, like Gecko) Chrome/84.0.4147.89 Safari/537.36"
::1 - - [03/Aug/2020:17:56:06 +0000] "GET /js/script-87f5c54e7f.js HTTP/1.1" 404 162 "http://localhost:8000/user/sign-in" "Mozilla/5.0 (Windows NT 10.0; Win64; x64) AppleWebKit/537.36 (KHTML, like Gecko) Chrome/84.0.4147.89 Safari/537.36"
::1 - - [03/Aug/2020:17:56:06 +0000] "GET /undefined HTTP/1.1" 404 148 "http://localhost:8000/user/sign-in" "Mozilla/5.0 (Windows NT 10.0; Win64; x64) AppleWebKit/537.36 (KHTML, like Gecko) Chrome/84.0.4147.89 Safari/537.36"
::1 - - [03/Aug/2020:17:56:08 +0000] "GET /js/script-87f5c54e7f.js HTTP/1.1" 404 162 "http://localhost:8000/user/sign-in" "Mozilla/5.0 (Windows NT 10.0; Win64; x64) AppleWebKit/537.36 (KHTML, like Gecko) Chrome/84.0.4147.89 Safari/537.36"
::1 - - [03/Aug/2020:19:18:59 +0000] "GET /user/sign-in HTTP/1.1" 200 3702 "-" "Mozilla/5.0 (Windows NT 10.0; Win64; x64) AppleWebKit/537.36 (KHTML, like Gecko) Chrome/84.0.4147.89 Safari/537.36"
::1 - - [03/Aug/2020:19:18:59 +0000] "GET /undefined HTTP/1.1" 404 148 "http://localhost:8000/user/sign-in" "Mozilla/5.0 (Windows NT 10.0; Win64; x64) AppleWebKit/537.36 (KHTML, like Gecko) Chrome/84.0.4147.89 Safari/537.36"
::1 - - [03/Aug/2020:19:18:59 +0000] "GET /js/script-87f5c54e7f.js HTTP/1.1" 404 162 "http://localhost:8000/user/sign-in" "Mozilla/5.0 (Windows NT 10.0; Win64; x64) AppleWebKit/537.36 (KHTML, like Gecko) Chrome/84.0.4147.89 Safari/537.36"
::1 - - [03/Aug/2020:19:19:00 +0000] "GET /js/script-87f5c54e7f.js HTTP/1.1" 404 162 "http://localhost:8000/user/sign-in" "Mozilla/5.0 (Windows NT 10.0; Win64; x64) AppleWebKit/537.36 (KHTML, like Gecko) Chrome/84.0.4147.89 Safari/537.36"
::1 - - [03/Aug/2020:19:19:48 +0000] "GET /user/sign-in HTTP/1.1" 200 3604 "-" "Mozilla/5.0 (Windows NT 10.0; Win64; x64) AppleWebKit/537.36 (KHTML, like Gecko) Chrome/84.0.4147.89 Safari/537.36"
::1 - - [03/Aug/2020:19:19:48 +0000] "GET /js/script-87f5c54e7f.js HTTP/1.1" 404 162 "http://localhost:8000/user/sign-in" "Mozilla/5.0 (Windows NT 10.0; Win64; x64) AppleWebKit/537.36 (KHTML, like Gecko) Chrome/84.0.4147.89 Safari/537.36"
::1 - - [03/Aug/2020:19:19:48 +0000] "GET /undefined HTTP/1.1" 404 148 "http://localhost:8000/user/sign-in" "Mozilla/5.0 (Windows NT 10.0; Win64; x64) AppleWebKit/537.36 (KHTML, like Gecko) Chrome/84.0.4147.89 Safari/537.36"
